ls
quit
ls
ls
ls dcdddggf
ls dcdddggf\ gdfsgdfgdf
quit
ls
quit
ls
ls nbprojects/
ls nbprojects
ls nbprojects/
quit
pwd
quit
pwd
quit
pwd
quit
help
help ls
quit
help ls
quit
pwd
quit
pwd
quit
pwd
quit
pwd
quit
ls
ls
quit
ls
quit
ls
quit
ls
quit
ls
quit
ls
pwd
exit
quit
ls
ls PDF/
ls PDF/ /home/
quit
./a.out
./a.out
./ls.out 
ls
quit
ls
./a.out
./a.out
./a.out
ls
cd NetBeansProjects/
quit
cd NetBeansProjects/
quit
cd NetBeansProjects/
ls
cd TCP/
ls
cd ..
ls
cd myshell/
ls
./a.out
./ls.out
ls
cd NetBeansProjects/
cd myshell/
ls
./ls.out
cd NetBeansProjects/myshell/
ls
cd ls.out
./ls.out
./ls.out nbprojects
./ls.out nbprojects/
quit
clear
quit
clear
ls
clear
quit
clear
quit
clear
quit
clear
quit
clear
quit
clear
clear
ls |gh
quit
ls | cd
quit
ls | cd 
ls |help
ls |help |man
ls
ls Ubuntu\ One/
ls Ubuntu\ One/
ls Ubuntu\ One/
cd Ubuntu\ One/
ls Ubuntu\ One/
ls Ubuntu\ One/
ls Ubuntu\ One/
ls Ubuntu\ One/
ls Ubuntu\ One/
ls Ubuntu\ One/
ls Ubuntu\ One/
ls Ubuntu\ One/
ls Ubuntu\ One/
ls Ubuntu\ One/
ls Ubuntu\ One/ 
ls Ubuntu\ One/ 
ls Ubuntu\ One/ \0
ls Ubuntu\ One/ 
clear
quit
ls
ls
ls
cd
cd
cd /home/subhrendu/
cd /home/
ls
cd /home/
quit
cd /home/
quit
cd /home/
cd /home/
quit
cd /home/
cd /home/
cd /home/
quit
ls
cd Ubuntu\ One/
cd /home
cd /home/
cd subhrendu/
cd Ubuntu\ One/
quit
cd Ubuntu\ One/
quit
cd Ubuntu\ One/
ls
ls
ls
ls
ls
ls
cd ..
ls
ls Ubuntu\ One/
clear
ls
cd Ubuntu\ One/
ls
cd Shared\ With\ Me/
ls
cd
cd
cd
cd
cd ..
cd
cd ubuntu\ One/
cd Ubuntu\ One/
cd Ubuntu\ one/
cd
clear
(null)
ls
cd Ubuntu\ One/
cd Ubuntu\ One/
cd Ubuntu\ One/
cd Ubuntu\ One/
quit
cd Ubuntu\ One/
ls|ls
ls|ls
quit
ls|ls
ls|la
ls|ls
ls|ls
ls|ls|ls
ls|ls|s
ls|ls
ls|ls
ls|ls
quit
ls|ls
ls|ls
ls|ls
ls|ls
ls|ls
quit
ls|ls
ls|ls
ls|ls
ls|ls
ls|ls
ls|ls
ls|ls
ls
ls|ls
ls|ls
ls|ls
help
quit
ls
ls
cd /Ubuntu\ One/
cd /Ubuntu\ One/
ls
ls
cd Ubuntu\ One/
ls
cd ..
quit
ls
ls /home
ls /home/
ls|ls
ls Ubuntu\ One/|ls
ls Ubuntu\ One/|ls
ls Ubuntu\ One/|ls
ls Ubuntu\ One/|ls
ls Ubuntu\ One/|ls
ls Ubuntu\ One/|ls
ls Ubuntu|ls
ls Ubuntu|ls
ls Ubuntu|ls
ls Ubuntu|ls
ls Ubuntu|ls
ls Ubuntu|ls
ls Ubuntu|ls
ls Ubuntu|ls
ls Ubuntu|ls
ls Ubuntu|ls
ls Ubuntu|ls
ls Ubuntu|ls
ls Ubuntu|ls
ls Ubuntu|ls
ls Ubuntu|ls
ls Ubuntu\ One/|ls
ls Ubuntu\ One/|ls
ls Ubuntu\ One/|ls
ls Ubuntu\ One/|ls
ls Ubuntu\ One/|ls
ls Ubuntu\ One/|ls
ls Ubuntu\ One/|ls
ls Ubuntu\ One/|ls
./pipe.out ls|ls
ls|ls
ls|ls
ls|ls
ls Ubuntu\ One/|ls
ls Ubuntu\ One/|ls
ls Ubuntu\ One/|ls
ls Ubuntu\ One/|ls
ls Ubuntu\ One/|ls
ls Ubuntu\ One/|ls
ls Ubuntu\ One/|ls
ls Ubuntu\ One/|ls
ls Ubuntu\ One/|ls
ls Ubuntu\ One/|ls
ls Ubuntu\ One/|ls
ls Ubuntu\ One/|ls
ls Ubuntu\ One/|ls
ls Ubuntu\ One/|ls Ubuntu\ One/
ls Ubuntu\ One/|ls Ubuntu\ One/as\ hghfd/
ls Ubuntu\ One/|ls
ls Ubuntu\ One/asg\ jky/|ls
ls Ubuntu\ One/asg jky/|ls
ls Ubuntu\ One/ asgjki  jky/|ls
ls Ubuntu\ One/ asgjki  jky/|ls
ls Ubuntu\ One/ asgjki  jky/|ls
ls Ubuntu\ One/ asgjki  jky/|ls
ls Ubuntu\ One/|ls
ls Ubuntu\ One/|ls
ls Ubuntu\ One/|ls
ls Ubuntu\ One/|ls \one
ls Ubuntu\ One/|ls one\ poyu/
ls Ubuntu\ One/|ls one poyu/
ls Ubuntu\ One/|ls one poyu/
ls Ubuntu\ One/|ls one poyu/ hjhty
ls Ubuntu\ One/|ls one poyu\ hjhty
ls Ubuntu\ One/|ls one poyu\ hjhty
ls Ubuntu\ One/|ls one poyu\ hjhty
ls Ubuntu\ One/|ls one poyu\ hjhty
ls Ubuntu\ One/|ls one poyu\ hjhty
ls Ubuntu\ One/|ls one poyu\ hjhty
ls Ubuntu one
ls Ubuntu one|ls
ls Ubuntu one|ls one
ls Ubuntu one|ls U\ one
ls Ubuntu one|ls U\ one
ls Ubuntu one|ls U\ one
ls Ubuntu one|ls U\ one
ls Ubuntu one|ls U\ one
ls Ubuntu one|ls U\ one
ls Ubuntu one|ls
ls Ubuntu one|ls
ls Ubuntu one|ls U\ one
ls Ubuntu one|ls U\ one kklkhg
ls Ubuntu one|ls U one kklkhg
ls Ubuntu one|ls U one kklkhg
ls Ubuntu one|ls U\ one kklkhg
ls Ubuntu one|ls U\ one
ls Ubuntu one|ls U\ one
ls Ubuntu one|ls U\ one lk
ls Ubuntu one|ls U\ one lk
ls Ubuntu one|ls U\ one lk
ls Ubuntu one|ls U\ one lk
ls Ubuntu one|ls U\ one lk
ls Ubuntu one|ls U\ one
ls Ubuntu one|ls U\ one
ls Ubuntu one|ls U\ one
ls Ubuntu one|ls U\ one
ls Ubuntu one|ls U\ one kl
ls Ubuntu one|ls U\ one kl
ls Ubuntu one|ls U\ one kl
ls Ubuntu one|ls U\ one kl
ls Ubuntu one|ls U\ one kl
ls Ubuntu one|ls U\ one kl
ls Ubuntu one|ls U\ one kl
ls Ubuntu one|ls U\ one kl
ls Ubuntu one|ls U\ one kl jk\ jk
ls Ubuntu one|ls U\ one kl jk\ jk
ls Ubuntu one|ls U\ one kl jk\ jk
ls Ubuntu one|ls U\ one kl jk\ jk
ls Ubuntu one|ls U\ one kl jk\ jk
ls Ubuntu one|ls U\ one kl jk\ jk
ls Ubuntu one|ls U\ one kl jk\ jk
ls Ubuntu one|ls U\ one kl jk\ jk
ls Ubuntu one|ls U\ one kl jk\ jk
ls Ubuntu one|ls U\ one kl jk\ jk
ls Ubuntu one jk jk jk jk|ls U\ one kl jk\ jk
ls Ubuntu one jk jk jk jk|ls U\ one kl jk\ jk
ls Ubuntu one jk jk jk jk|ls U\ one kl jk\ jk
clear
ls Ubuntu one jk jk jk jk|ls U\ one kl jk\ jk
ls Ubuntu one jk jk jk jk|ls U\ one kl jk\ jk
quit
ls|ls
ls Ubuntu\ One|ls
ls Ubuntu\ One|ls
ls Ubuntu\ One|ls
ls Ubuntu\ One|ls
ls Ubuntu\ One|ls
ls Ubuntu\ One|ls
ls|ls
ls
ls|ls
ls|ls
ls|ls
ls|ls
ls|ls
ls|ls
ls|ls
ls|ls
ls|ls
ls|ls
ls|ls
ls Ubuntu\ One/|ls
ls Ubuntu\ One/|ls
ls Ubuntu\ One/|ls
ls Ubuntu\ One/|ls
ls Ubuntu\ One/|ls
ls Ubuntu\ One/|ls
ls Ubuntu\ One/|ls
ls Ubuntu\ One/|ls
ls Ubuntu\ One/|ls
ls Ubuntu\ One/|ls
ls Ubuntu\ One/|ls
ls Ubuntu\ One/|ls
quit
ls |ls jhgfsd
ls |ls jhgfsd
ls |ls jhgfsd  
ls lsdfg |ls jhgfsd  
ls lsdfg |ls jhgfsd  
ls lsdfg |ls jhgfsd  
ls lsdfg |ls jhgfsd  
ls lsdfg |ls jhgfsd  
quit
ls|ls
ls|ls
ls|ls
ls|ls
ls|ls
ls|ls
ls|ls
ls U|ls
ls U|ls
ls U|ls
ls U|ls|lsdf
ls U|ls|
ls U|ls|  
ls U|ls|  
ls U|ls|  
ls U|ls|  
ls U|ls|  
ls U i j k|ls|  
ls U i j k|ls|  
ls U i j k|ls|  
ls U\ i j k|ls|  
ls U\ i j k|ls|  
ls U\ i j k|ls|  
ls U\ i j k|ls|  
ls U\ i j k|ls|  
ls U\ i j k|ls
ls U\ i j k
ls
ls Ubuntu\ One/|ls
ls Ubuntu\ One/|ls
ls Ubuntu\ One/|ls


ls Ubuntu\ One/|cat
ls
cat test2.txt
cat test2.txt map.c
cat test2.txt map.c
cat test2.txt map.c|wc
cat test2.txt map.c|wc
cat test2.txt map.c|wc
ls|ls
?
ls
cat test2.txt|ls
cat test2.txt|ls
cat  test2.txt
cat  test2.txt
cat  test2.txt|cat
cat test2.txt|cat
cat test2.txt|cat
cat test2.txt|cat
cat test2.txt
cat test2.txt|cat
cat test2.txt|cat
?
quit
ls
cat test2.txt
man
help
d:
?
cd dist/
cd Discrete
?
ls
ls
pwd
quit
pstree
pstree
pstree
pstree
pstree
pstree
pstree
pstree
ls
ls
pstree
pstree
pstree
pstree
pstree
pstree
pstree
pstree
pstree
pstree
pstree
pstree
pstree
pstree
pstree
pstree
pstree
pstree
quit
pstree
pstree
pstree
pstree
pstree
ls kldgfd|ls fd
pstree
pstree
pstree
pstree
pstree
pstree
pstree
pstree
pstree
pstree
pstree
pstree
pstree
pstree
pstree
pstree
pstree
pstree
pstree
pstree
pstree
pstree
pstree
quit
ls
ls
quit
ls
quit
quit
ls
pstree
pstree
pstree
quit
ls
pstree
cd Ubuntu\ One/
ls
pstree
quit
pstree
pstree
pstree
pstree
ls
pstree
pstree
pstree
pstree
pstree
pstree
pstree
pstree
pstree
pstree
pstree
pstree
pstree
quit
ls
quit
ls
cd Ubuntu\ One/
clear
ls
ls
quit
ls|ls
ls|ls
ls|ls
ls|ls
cat
ls
cat test2.txt|ls
cat test2.txt|ls
cat test2.txt|ls
cat test2.txt
cat test2.txt
cat test2.txt
clear
pwd
quit
ls
ls
cat test2.txt
quit
ls
clear
cat test2.txt
cat test2.txt|ls
cat test2.txt|ls
cat test2.txt|ls
cat test2.txt|ls
cat test2.txt|ls
cat test2.txt|ls
cat test2.txt|ls
cat test2.txt|cat
cat test2.txt|cat
cat test2.txt|cat
cat test2.txt|cat
cat test2.txt|cat
pstree
quit
ls
cd Ubuntu\ One/
ls
ls
ls
make
ls
quit
ls
quit
ls
quit
ls
cd Ubuntu One\
cd Ubuntu\ One/
ls
ls|ls
ls|ls
ls|cat
ld
rm
man dd
./a.out ls
quit
ls
ls|create
cat 
ls | create test
cat test 
ls | create test.tst
cat test.tst
ls | create test.tst
quit
ls>a.txt
ls > a.txt
quit
ls > asdas.ts
quit
ls > a.txt
ls > a.txt
ls > a.txt
ls > a.txt
ls > a.txt
ls > a.txt
ls > a.txt
ls > a.txt
ls > a.txt
quit
ls
ls > a.txt
quit
ls >ls
quit
ls > a.out
quit
ls > man
ls > man
ls > man
quit
ls>man
quit
ls> man
quit
ls|cat
quit
ls |ls
quit
ls > ls
quit
ls >ls
?
quit
ls > ls
quit
ls> ls
quit
ls > ls

pipe
ls|ls
quit
ls > test.txt
quie
exit
exit
clear
h
?
quit
ls > a
ls
cd /media/USER_SPACE/NetBeansProjects/myshell/
ls
quit
ls > a
ls > a
quit
ls > a
quit
ls > a
quit
ls&
quit
ls&
quit
ls&
ls >a
quit
ls > a
quit
ls > a
quit
ls > a
quit
ls
ls > a
ls >a 
quit
ls > a
quit
ls > a
quit
ls > a
quit
ls |ls
ls | ls
ls > a
quit
ls
ls > a
ls | a
ls | ls
ls |cat
lsls
quit
ls > a
quit
ls > a
quit
ls > a
quit
ls >a
ls|la
ls |la\
quit
ls|ls
ls | ls
ls | ls
quit
ls > a
quit
ls > a
quit
ls > a
quit
ls >a 
ls |pi
ls |pi
ls |pi
ls < lsk
ls < lsk
quit
ls < lsj
ls <lsj
ls<lsj
ls>lsj
ls > lsj
quit
ls > a.txt
ls > a.txt
ls > a.txt
quit
ls > a.txt
quit
ls > a.txt
ls > a.txt
ls > a.txt
ls > a.txt
ls > a.txt
ls > a.txt
ls > a.txt
ls > a.txt
ls > a.txt
ls > a.txt
quit
ls > a
ls > a
ls > a
ls > a
quit
ls > a.txt
pstree > a.txt
quit
cp
ls
cp test2.txt tes.txt
cat test2.txt
cat tes.txt
clear
quit
ls
man
man ls
man ls
man ghjk
man ls kjh
man help
clear
quit
?
? pstree
cd Ubuntu\ One/
cd ..
cd Ubuntu One/
cd Ubuntu/
pwd
?
ls
ls ubuntu\ One/
ls Ubuntu\ One/
ls Ubuntu\ One/ /home/
ls Ubuntu\ One/
cat tes
cat tes.txt
cp tes.txt test.txt
cat test.txt
clear
?
pstree
clear
?
create 
create a.txt
cat a.txt 
?
man help
man
ls|ls
cat txt
ls | cat
cat tes.txt|ls
cat test.txt > tes.txt
cat test.txt  tes.txt
cat test.txt < tes.txt
?
quit
quit
man help
